

Starting loop. Checking git status and plan.


⚡ [Bash]



⚡ [Read]


All 13 tasks are complete. Let me run a final verification of the full test suite to confirm everything is green.


⚡ [Bash]

91 tests, 285 assertions, all passing. No uncommitted project changes. The implementation plan is fully complete.

**Oopsie v1 — Complete Feature Summary:**

| Phase | Tasks | What shipped |
|-------|-------|-------------|
| Foundation | 1-2 | Core models (Project, ErrorGroup, Occurrence, NotificationRule), authentication |
| API | 3-4 | POST /api/v1/exceptions with fingerprinting, grouping, rate limiting, error handling |
| Web UI | 5-8 | Dashboard, project CRUD, error group detail with backtrace, settings with notification rules |
| Jobs | 9-10 | Email + webhook notifications on new/regression, 90-day retention cleanup |
| Polish | 11-13 | Demo seed data, comprehensive README, ExceptionReporter payload spec |

```
---RALPH_STATUS---
STATUS: COMPLETE
TASKS_COMPLETED_THIS_LOOP: 0
FILES_MODIFIED: 0
TESTS_STATUS: PASSING
WORK_TYPE: IMPLEMENTATION
EXIT_SIGNAL: true
RECOMMENDATION: All 13 tasks complete. Oopsie v1 is feature-complete. Consider QA testing the live app, Docker/CI setup, or manual user testing.
---END_RALPH_STATUS---
```
